DEBUG:2017-09-01 16:29:00.(Cmd.java:76): exec=java -jar E:\work\demo\v1\Temp\apktool.jar if E:\work\demo\v1\Temp\framework-res.apk
DEBUG:2017-09-01 16:29:02.(Cmd.java:99): I: Framework installed to: C:\Users\Administrator\AppData\Local\apktool\framework\1.apk
DEBUG:2017-09-01 16:30:07.(Cmd.java:76): exec=java -jar E:\work\demo\v1\Temp\apktool.jar d D:\QMDownload\genshuixue.apk -o D:\QMDownload\genshuixue -f
DEBUG:2017-09-01 16:30:07.(Cmd.java:99): I: Using Apktool 2.2.3-6cc251-SNAPSHOT on genshuixue.apk
DEBUG:2017-09-01 16:30:07.(Cmd.java:99): I: Loading resource table...
DEBUG:2017-09-01 16:30:09.(Cmd.java:99): I: Decoding AndroidManifest.xml with resources...
DEBUG:2017-09-01 16:30:09.(Cmd.java:99): I: Loading resource table from file: C:\Users\Administrator\AppData\Local\apktool\framework\1.apk
DEBUG:2017-09-01 16:30:11.(Cmd.java:99): I: Regular manifest package...
DEBUG:2017-09-01 16:30:17.(Cmd.java:99): I: Decoding file-resources...
DEBUG:2017-09-01 16:30:34.(Cmd.java:99): I: Decoding values */* XMLs...
DEBUG:2017-09-01 16:30:34.(Cmd.java:99): I: Baksmaling classes.dex...
DEBUG:2017-09-01 16:31:08.(Cmd.java:99): I: Baksmaling classes2.dex...
DEBUG:2017-09-01 16:31:50.(Cmd.java:99): I: Baksmaling classes3.dex...
DEBUG:2017-09-01 16:32:16.(Cmd.java:99): I: Copying assets and libs...
DEBUG:2017-09-01 16:33:43.(Cmd.java:76): exec=explorer.exe /select,D:\QMDownload\genshuixue
DEBUG:2017-09-01 16:35:13.(Cmd.java:76): exec=java -jar E:\work\demo\v1\Temp\apktool.jar d E:\work\Android\qishang\app\App\app\build\outputs\apk\huoche__v1.0.4_12.apk -o E:\work\Android\qishang\app\App\app\build\outputs\apk\huoche__v1.0.4_12 -f
DEBUG:2017-09-01 16:35:14.(Cmd.java:99): I: Using Apktool 2.2.3-6cc251-SNAPSHOT on huoche__v1.0.4_12.apk
DEBUG:2017-09-01 16:35:14.(Cmd.java:99): I: Loading resource table...
DEBUG:2017-09-01 16:35:14.(Cmd.java:99): I: Decoding AndroidManifest.xml with resources...
DEBUG:2017-09-01 16:35:14.(Cmd.java:99): I: Loading resource table from file: C:\Users\Administrator\AppData\Local\apktool\framework\1.apk
DEBUG:2017-09-01 16:35:16.(Cmd.java:99): I: Regular manifest package...
DEBUG:2017-09-01 16:35:16.(Cmd.java:99): I: Decoding file-resources...
DEBUG:2017-09-01 16:35:19.(Cmd.java:99): I: Decoding values */* XMLs...
DEBUG:2017-09-01 16:35:20.(Cmd.java:99): I: Baksmaling classes.dex...
DEBUG:2017-09-01 16:35:37.(Cmd.java:99): I: Copying assets and libs...
DEBUG:2017-09-01 16:35:38.(Cmd.java:99): I: Copying unknown files...
DEBUG:2017-09-01 16:35:38.(Cmd.java:99): I: Copying original files...
DEBUG:2017-09-01 16:36:10.(Cmd.java:76): exec=explorer.exe /select,E:\work\Android\qishang\app\App\app\build\outputs\apk\huoche__v1.0.4_12
dex2jar E:\work\demo\v1\Temp\dex2smali\classes.dex -> E:\work\Android\qishang\app\App\app\build\outputs\apk\huoche__v1.0.4_12_classes.jar
dex2jar E:\work\demo\v1\Temp\dex2smali\classes.dex -> D:\QMDownload\genshuixue_classes.jar
dex2jar E:\work\demo\v1\Temp\dex2smali\classes2.dex -> D:\QMDownload\genshuixue_classes2.jar
dex2jar E:\work\demo\v1\Temp\dex2smali\classes3.dex -> D:\QMDownload\genshuixue_classes3.jar
ReferenceMap.add: InvalidParameterException(java/util/HashMap<Ljava/lang/String;Ljava/lang/Object;>)
ReferenceMap.add: InvalidParameterException(java/util/ArrayList<Ljava/lang/Object;>)
ReferenceMap.add: InvalidParameterException(java/util/HashMap<Ljava/lang/String;Ljava/lang/Object;>)
ReferenceMap.add: InvalidParameterException(java/util/ArrayList<Ljava/lang/Object;>)
